<?xml version="1.0" encoding="UTF-8"?>
<testng-results ignored="0" total="3" passed="3" failed="0" skipped="0">
  <reporter-output>
  </reporter-output>
  <suite started-at="2021-05-06T13:55:58Z" name="Default suite" finished-at="2021-05-06T13:56:10Z" duration-ms="11792">
    <groups>
    </groups>
    <test started-at="2021-05-06T13:55:58Z" name="Default test" finished-at="2021-05-06T13:56:10Z" duration-ms="11792">
      <class name="files.DynamicJsonProgram">
        <test-method signature="DynamicJson(java.lang.String, java.lang.String)[pri:0, instance:files.DynamicJsonProgram@7c51f34b]" started-at="2021-05-06T14:55:59Z" name="DynamicJson" data-provider="loadEmp" finished-at="2021-05-06T14:56:08Z" duration-ms="9004" status="PASS">
          <params>
            <param index="0">
              <value>
                <![CDATA[1]]>
              </value>
            </param>
            <param index="1">
              <value>
                <![CDATA[2]]>
              </value>
            </param>
          </params>
          <reporter-output>
          </reporter-output>
        </test-method> <!-- DynamicJson -->
        <test-method signature="DynamicJson(java.lang.String, java.lang.String)[pri:0, instance:files.DynamicJsonProgram@7c51f34b]" started-at="2021-05-06T14:56:08Z" name="DynamicJson" data-provider="loadEmp" finished-at="2021-05-06T14:56:08Z" duration-ms="769" status="PASS">
          <params>
            <param index="0">
              <value>
                <![CDATA[3]]>
              </value>
            </param>
            <param index="1">
              <value>
                <![CDATA[4]]>
              </value>
            </param>
          </params>
          <reporter-output>
          </reporter-output>
        </test-method> <!-- DynamicJson -->
        <test-method signature="DynamicJson(java.lang.String, java.lang.String)[pri:0, instance:files.DynamicJsonProgram@7c51f34b]" started-at="2021-05-06T14:56:08Z" name="DynamicJson" data-provider="loadEmp" finished-at="2021-05-06T14:56:10Z" duration-ms="1893" status="PASS">
          <params>
            <param index="0">
              <value>
                <![CDATA[5]]>
              </value>
            </param>
            <param index="1">
              <value>
                <![CDATA[6]]>
              </value>
            </param>
          </params>
          <reporter-output>
          </reporter-output>
        </test-method> <!-- DynamicJson -->
      </class> <!-- files.DynamicJsonProgram -->
    </test> <!-- Default test -->
  </suite> <!-- Default suite -->
</testng-results>
